<?xml version="1.0" encoding="UTF-8"?>
<!-- Generated by org.testng.reporters.JUnitXMLReporter -->
<testsuite hostname="DESKTOP-3GI83JR" ignored="0" name="Test" tests="1" failures="1" timestamp="2020-04-17T00:05:19 EDT" time="6.075" errors="0">
  <testcase name="@AfterMethod closeBrowser" time="0.001" classname="wrapper.ProjectSpecificWrapper">
    <failure type="java.lang.NullPointerException">
      <![CDATA[java.lang.NullPointerException
at wrapper.GenericWrapper.quitBrowser(GenericWrapper.java:239)
at wrapper.ProjectSpecificWrapper.closeBrowser(ProjectSpecificWrapper.java:23)
at java.util.ArrayList.forEach(Unknown Source)
... Removed 32 stack frames]]>
    </failure>
  </testcase> <!-- @AfterMethod closeBrowser -->
  <testcase name="loginAndLogout" time="0.032" classname="testCases.TC001_LoginLogout">
    <failure type="java.lang.NullPointerException">
      <![CDATA[java.lang.NullPointerException
at wrapper.GenericWrapper.clickByClassName(GenericWrapper.java:142)
at pages.LoginPage.clickLogin(LoginPage.java:21)
at testCases.TC001_LoginLogout.loginAndLogout(TC001_LoginLogout.java:27)
at java.util.ArrayList.forEach(Unknown Source)
... Removed 27 stack frames]]>
    </failure>
  </testcase> <!-- loginAndLogout -->
</testsuite> <!-- Test -->
